[23:27:43] [ServerMain/INFO]: Environment: authHost='https://authserver.mojang.com', accountsHost='https://api.mojang.com', sessionHost='https://sessionserver.mojang.com', servicesHost='https://api.minecraftservices.com', name='PROD'
[23:27:47] [ServerMain/INFO]: Loaded 7 recipes
[23:27:47] [ServerMain/INFO]: Loaded 1271 advancements
[23:27:48] [Server thread/INFO]: Starting minecraft server version 1.20.1
[23:27:48] [Server thread/INFO]: Loading properties
[23:27:48] [Server thread/INFO]: Default game type: SURVIVAL
[23:27:48] [Server thread/INFO]: Generating keypair
[23:27:48] [Server thread/INFO]: Starting Minecraft server on *:25565
[23:27:48] [Server thread/INFO]: Using epoll channel type
[23:27:49] [Server thread/WARN]: **** SERVER IS RUNNING IN OFFLINE/INSECURE MODE!
[23:27:49] [Server thread/WARN]: The server will make no attempt to authenticate usernames. Beware.
[23:27:49] [Server thread/WARN]: While this makes the game possible to play without internet access, it also opens up the ability for hackers to connect with any username they choose.
[23:27:49] [Server thread/WARN]: To change this, set "online-mode" to "true" in the server.properties file.
[23:27:49] [Server thread/INFO]: Preparing level "world"
[23:28:01] [Server thread/INFO]: Preparing start region for dimension minecraft:overworld
[23:28:04] [Worker-Main-1/INFO]: Preparing spawn area: 0%
[23:28:04] [Worker-Main-1/INFO]: Preparing spawn area: 0%
[23:28:04] [Worker-Main-1/INFO]: Preparing spawn area: 0%
[23:28:04] [Worker-Main-1/INFO]: Preparing spawn area: 0%
[23:28:04] [Worker-Main-1/INFO]: Preparing spawn area: 0%
[23:28:04] [Worker-Main-1/INFO]: Preparing spawn area: 0%
[23:28:04] [Worker-Main-1/INFO]: Preparing spawn area: 0%
[23:28:05] [Worker-Main-1/INFO]: Preparing spawn area: 0%
[23:28:05] [Worker-Main-1/INFO]: Preparing spawn area: 0%
[23:28:06] [Worker-Main-1/INFO]: Preparing spawn area: 0%
[23:28:06] [Worker-Main-1/INFO]: Preparing spawn area: 0%
[23:28:07] [Worker-Main-1/INFO]: Preparing spawn area: 0%
[23:28:07] [Worker-Main-1/INFO]: Preparing spawn area: 0%
[23:28:08] [Worker-Main-1/INFO]: Preparing spawn area: 0%
[23:28:08] [Worker-Main-1/INFO]: Preparing spawn area: 0%
[23:28:09] [Worker-Main-1/INFO]: Preparing spawn area: 0%
[23:28:09] [Worker-Main-1/INFO]: Preparing spawn area: 0%
[23:28:10] [Worker-Main-1/INFO]: Preparing spawn area: 0%
[23:28:10] [Worker-Main-1/INFO]: Preparing spawn area: 0%
[23:28:11] [Worker-Main-1/INFO]: Preparing spawn area: 0%
[23:28:11] [Worker-Main-1/INFO]: Preparing spawn area: 0%
[23:28:12] [Worker-Main-1/INFO]: Preparing spawn area: 0%
[23:28:12] [Worker-Main-1/INFO]: Preparing spawn area: 0%
[23:28:13] [Worker-Main-1/INFO]: Preparing spawn area: 0%
[23:28:13] [Worker-Main-1/INFO]: Preparing spawn area: 0%
[23:28:14] [Worker-Main-1/INFO]: Preparing spawn area: 0%
[23:28:14] [Worker-Main-1/INFO]: Preparing spawn area: 0%
[23:28:15] [Worker-Main-1/INFO]: Preparing spawn area: 0%
[23:28:15] [Worker-Main-1/INFO]: Preparing spawn area: 0%
[23:28:16] [Worker-Main-1/INFO]: Preparing spawn area: 0%
[23:28:16] [Worker-Main-1/INFO]: Preparing spawn area: 0%
[23:28:17] [Worker-Main-1/INFO]: Preparing spawn area: 0%
[23:28:17] [Worker-Main-1/INFO]: Preparing spawn area: 0%
[23:28:18] [Worker-Main-1/INFO]: Preparing spawn area: 0%
[23:28:18] [Worker-Main-1/INFO]: Preparing spawn area: 0%
[23:28:19] [Worker-Main-1/INFO]: Preparing spawn area: 0%
[23:28:19] [Worker-Main-1/INFO]: Preparing spawn area: 0%
[23:28:20] [Worker-Main-1/INFO]: Preparing spawn area: 0%
[23:28:20] [Worker-Main-1/INFO]: Preparing spawn area: 0%
[23:28:21] [Worker-Main-1/INFO]: Preparing spawn area: 0%
[23:28:21] [Worker-Main-1/INFO]: Preparing spawn area: 0%
[23:28:22] [Worker-Main-1/INFO]: Preparing spawn area: 0%
[23:28:22] [Worker-Main-1/INFO]: Preparing spawn area: 0%
[23:28:23] [Worker-Main-1/INFO]: Preparing spawn area: 0%
[23:28:23] [Worker-Main-1/INFO]: Preparing spawn area: 0%
[23:28:24] [Worker-Main-1/INFO]: Preparing spawn area: 0%
[23:28:24] [Worker-Main-1/INFO]: Preparing spawn area: 0%
[23:28:25] [Worker-Main-1/INFO]: Preparing spawn area: 0%
[23:28:25] [Worker-Main-1/INFO]: Preparing spawn area: 0%
[23:28:26] [Worker-Main-1/INFO]: Preparing spawn area: 0%
[23:28:26] [Worker-Main-1/INFO]: Preparing spawn area: 0%
[23:28:27] [Worker-Main-1/INFO]: Preparing spawn area: 0%
[23:28:27] [Worker-Main-1/INFO]: Preparing spawn area: 0%
[23:28:28] [Worker-Main-1/INFO]: Preparing spawn area: 0%
[23:28:28] [Worker-Main-1/INFO]: Preparing spawn area: 0%
[23:28:29] [Worker-Main-1/INFO]: Preparing spawn area: 0%
[23:28:29] [Worker-Main-1/INFO]: Preparing spawn area: 0%
[23:28:30] [Worker-Main-1/INFO]: Preparing spawn area: 0%
[23:28:30] [Worker-Main-1/INFO]: Preparing spawn area: 0%
[23:28:31] [Worker-Main-1/INFO]: Preparing spawn area: 0%
[23:28:31] [Worker-Main-1/INFO]: Preparing spawn area: 0%
[23:28:32] [Worker-Main-1/INFO]: Preparing spawn area: 0%
[23:28:32] [Worker-Main-1/INFO]: Preparing spawn area: 0%
[23:28:33] [Worker-Main-1/INFO]: Preparing spawn area: 0%
[23:28:33] [Worker-Main-1/INFO]: Preparing spawn area: 0%
[23:28:34] [Worker-Main-1/INFO]: Preparing spawn area: 0%
[23:28:34] [Worker-Main-1/INFO]: Preparing spawn area: 0%
[23:28:35] [Worker-Main-1/INFO]: Preparing spawn area: 0%
[23:28:35] [Worker-Main-1/INFO]: Preparing spawn area: 0%
[23:28:36] [Worker-Main-1/INFO]: Preparing spawn area: 0%
[23:28:36] [Worker-Main-1/INFO]: Preparing spawn area: 0%
[23:28:37] [Worker-Main-1/INFO]: Preparing spawn area: 0%
[23:28:37] [Worker-Main-1/INFO]: Preparing spawn area: 0%
[23:28:38] [Worker-Main-1/INFO]: Preparing spawn area: 0%
[23:28:38] [Worker-Main-1/INFO]: Preparing spawn area: 0%
[23:28:39] [Worker-Main-1/INFO]: Preparing spawn area: 0%
[23:28:39] [Worker-Main-1/INFO]: Preparing spawn area: 0%
[23:28:40] [Worker-Main-1/INFO]: Preparing spawn area: 0%
[23:28:40] [Worker-Main-1/INFO]: Preparing spawn area: 0%
[23:28:41] [Worker-Main-1/INFO]: Preparing spawn area: 0%
[23:28:41] [Worker-Main-1/INFO]: Preparing spawn area: 0%
[23:28:42] [Worker-Main-1/INFO]: Preparing spawn area: 0%
[23:28:42] [Worker-Main-1/INFO]: Preparing spawn area: 0%
[23:28:43] [Worker-Main-1/INFO]: Preparing spawn area: 0%
[23:28:43] [Worker-Main-1/INFO]: Preparing spawn area: 0%
[23:28:44] [Worker-Main-1/INFO]: Preparing spawn area: 0%
[23:28:44] [Worker-Main-1/INFO]: Preparing spawn area: 0%
[23:28:45] [Worker-Main-1/INFO]: Preparing spawn area: 0%
[23:28:45] [Worker-Main-1/INFO]: Preparing spawn area: 0%
[23:28:46] [Worker-Main-1/INFO]: Preparing spawn area: 0%
[23:28:46] [Worker-Main-1/INFO]: Preparing spawn area: 0%
[23:28:47] [Worker-Main-1/INFO]: Preparing spawn area: 0%
[23:28:47] [Worker-Main-1/INFO]: Preparing spawn area: 0%
[23:28:48] [Worker-Main-1/INFO]: Preparing spawn area: 0%
[23:28:48] [Worker-Main-1/INFO]: Preparing spawn area: 0%
[23:28:49] [Worker-Main-1/INFO]: Preparing spawn area: 4%
[23:28:49] [Worker-Main-1/INFO]: Preparing spawn area: 37%
[23:28:50] [Worker-Main-1/INFO]: Preparing spawn area: 75%
[23:28:52] [Server thread/INFO]: Time elapsed: 51453 ms
[23:28:52] [Server thread/INFO]: Done (63.867s)! For help, type "help"
